2025-03-16 13:32:42,116 - Cleanup - INFO - Starting cleanup process...
2025-03-16 13:32:42,117 - Cleanup - INFO - Checking for existing instances...
2025-03-16 13:32:47,338 - Cleanup - ERROR - Error checking for Telegram connections: invalid attr name 'connections'
2025-03-16 13:32:47,339 - Cleanup - INFO - Waiting for processes to terminate...
2025-03-16 13:32:52,339 - Cleanup - INFO - Resetting Telegram webhook...
2025-03-16 13:33:00,517 - Cleanup - INFO - Waiting for Telegram reset to take effect...
2025-03-16 13:33:10,519 - Cleanup - INFO - Starting main application...
2025-03-16 14:15:35,349 - Cleanup - INFO - Starting cleanup process...
2025-03-16 14:15:35,350 - Cleanup - INFO - Checking for existing instances...
2025-03-16 14:15:36,389 - Cleanup - ERROR - Error checking for Telegram connections: invalid attr name 'connections'
2025-03-16 14:15:36,389 - Cleanup - INFO - Waiting for processes to terminate...
2025-03-16 14:15:41,390 - Cleanup - INFO - Resetting Telegram webhook...
2025-03-16 14:15:49,503 - Cleanup - INFO - Waiting for Telegram reset to take effect...
2025-03-16 14:15:59,504 - Cleanup - INFO - Starting main application...
2025-03-18 09:11:24,856 - Cleanup - INFO - Starting cleanup process...
2025-03-18 09:11:24,858 - Cleanup - INFO - Checking for existing instances...
2025-03-18 09:11:27,691 - Cleanup - INFO - Waiting for processes to terminate...
2025-03-18 09:11:32,692 - Cleanup - INFO - Resetting Telegram webhook...
2025-03-18 09:11:40,953 - Cleanup - INFO - Waiting for Telegram reset to take effect...
2025-03-18 09:11:50,954 - Cleanup - INFO - Starting main application...
2025-03-18 13:10:02,174 - Cleanup - INFO - Starting cleanup process...
2025-03-18 13:10:02,175 - Cleanup - INFO - Checking for existing instances...
2025-03-18 13:10:04,415 - Cleanup - INFO - Waiting for processes to terminate...
2025-03-18 13:10:09,416 - Cleanup - INFO - Resetting Telegram webhook...
2025-03-18 13:10:17,736 - Cleanup - INFO - Waiting for Telegram reset to take effect...
2025-03-18 13:10:27,736 - Cleanup - INFO - Starting main application...
2025-03-18 19:29:49,037 - Cleanup - INFO - Starting cleanup process...
2025-03-18 19:29:49,037 - Cleanup - INFO - Checking for existing instances...
2025-03-18 19:29:51,183 - Cleanup - INFO - Waiting for processes to terminate...
2025-03-18 19:29:56,184 - Cleanup - INFO - Resetting Telegram webhook...
2025-03-18 19:30:04,312 - Cleanup - INFO - Waiting for Telegram reset to take effect...
2025-03-18 19:30:14,312 - Cleanup - INFO - Starting main application...
